0 info it worked if it ends with ok
1 verbose cli [ '/Users/andym/.nvm/versions/node/v6.5.0/bin/node',
1 verbose cli   '/Users/andym/.nvm/versions/node/v6.5.0/bin/npm',
1 verbose cli   'run',
1 verbose cli   'start' ]
2 info using npm@3.10.3
3 info using node@v6.5.0
4 verbose stack Error: Failed to parse json
4 verbose stack Unexpected token 'o' at 6:46
4 verbose stack 		"start": "PORT='3000' MOVIE_SEARCH_URL='{"nodes": [{"addr":"192.168.0.1"}]}'
4 verbose stack 		                                           ^
4 verbose stack     at parseError (/Users/andym/.nvm/versions/node/v6.5.0/lib/node_modules/npm/node_modules/read-package-json/read-json.js:390:11)
4 verbose stack     at parseJson (/Users/andym/.nvm/versions/node/v6.5.0/lib/node_modules/npm/node_modules/read-package-json/read-json.js:79:23)
4 verbose stack     at /Users/andym/.nvm/versions/node/v6.5.0/lib/node_modules/npm/node_modules/read-package-json/read-json.js:48:5
4 verbose stack     at /Users/andym/.nvm/versions/node/v6.5.0/lib/node_modules/npm/node_modules/graceful-fs/graceful-fs.js:78:16
4 verbose stack     at tryToString (fs.js:455:3)
4 verbose stack     at FSReqWrap.readFileAfterClose [as oncomplete] (fs.js:442:12)
5 verbose cwd /Users/andym/Projects/node-hazelcast-starter/nodejs-app-basic
6 error Darwin 17.4.0
7 error argv "/Users/andym/.nvm/versions/node/v6.5.0/bin/node" "/Users/andym/.nvm/versions/node/v6.5.0/bin/npm" "run" "start"
8 error node v6.5.0
9 error npm  v3.10.3
10 error file /Users/andym/Projects/node-hazelcast-starter/nodejs-app-basic/package.json
11 error code EJSONPARSE
12 error Failed to parse json
12 error Unexpected token 'o' at 6:46
12 error 		"start": "PORT='3000' MOVIE_SEARCH_URL='{"nodes": [{"addr":"192.168.0.1"}]}'
12 error 		                                           ^
13 error File: /Users/andym/Projects/node-hazelcast-starter/nodejs-app-basic/package.json
14 error Failed to parse package.json data.
14 error package.json must be actual JSON, not just JavaScript.
14 error
14 error This is not a bug in npm.
14 error Tell the package author to fix their package.json file. JSON.parse
15 verbose exit [ 1, true ]
